<?xml version="1.0" encoding="UTF-8"?>
<coverage generated="1630125586398" clover="3.2.0">
  <project timestamp="1630125586398" name="All files">
    <metrics statements="30" coveredstatements="30" conditionals="14" coveredconditionals="13" methods="5" coveredmethods="5" elements="49" coveredelements="48" complexity="0" loc="30" ncloc="30" packages="1" files="1" classes="1"/>
    <file name="rangeList.js" path="/Users/chenkangyu/Documents/test/RangeList/src/rangeList.js">
      <metrics statements="30" coveredstatements="30" conditionals="14" coveredconditionals="13" methods="5" coveredmethods="5"/>
      <line num="1" count="1" type="stmt"/>
      <line num="4" count="1" type="stmt"/>
      <line num="13" count="6" type="stmt"/>
      <line num="14" count="6" type="stmt"/>
      <line num="15" count="6" type="stmt"/>
      <line num="16" count="6" type="stmt"/>
      <line num="19" count="6" type="cond" truecount="2" falsecount="0"/>
      <line num="20" count="3" type="stmt"/>
      <line num="21" count="3" type="stmt"/>
      <line num="25" count="6" type="cond" truecount="2" falsecount="0"/>
      <line num="26" count="4" type="stmt"/>
      <line num="27" count="4" type="stmt"/>
      <line num="28" count="4" type="stmt"/>
      <line num="31" count="6" type="stmt"/>
      <line num="34" count="6" type="stmt"/>
      <line num="35" count="2" type="stmt"/>
      <line num="36" count="2" type="stmt"/>
      <line num="39" count="6" type="stmt"/>
      <line num="48" count="4" type="stmt"/>
      <line num="50" count="5" type="cond" truecount="1" falsecount="1"/>
      <line num="52" count="4" type="stmt"/>
      <line num="53" count="4" type="stmt"/>
      <line num="55" count="9" type="cond" truecount="4" falsecount="0"/>
      <line num="58" count="5" type="cond" truecount="2" falsecount="0"/>
      <line num="59" count="5" type="cond" truecount="2" falsecount="0"/>
      <line num="62" count="4" type="stmt"/>
      <line num="69" count="10" type="stmt"/>
      <line num="70" count="10" type="stmt"/>
      <line num="71" count="20" type="stmt"/>
      <line num="73" count="10" type="stmt"/>
    </file>
  </project>
</coverage>
