{"/Users/chenkangyu/Documents/test/RangeList/src/rangeList.js": {"path":"/Users/chenkangyu/Documents/test/RangeList/src/rangeList.js","statementMap":{"0":{"start":{"line":1,"column":0},"end":{"line":75,"column":1}},"1":{"start":{"line":4,"column":6},"end":{"line":4,"column":26}},"2":{"start":{"line":13,"column":18},"end":{"line":13,"column":20}},"3":{"start":{"line":14,"column":14},"end":{"line":14,"column":15}},"4":{"start":{"line":15,"column":24},"end":{"line":15,"column":38}},"5":{"start":{"line":16,"column":18},"end":{"line":16,"column":34}},"6":{"start":{"line":19,"column":6},"end":{"line":22,"column":7}},"7":{"start":{"line":20,"column":8},"end":{"line":20,"column":31}},"8":{"start":{"line":21,"column":8},"end":{"line":21,"column":12}},"9":{"start":{"line":25,"column":6},"end":{"line":29,"column":7}},"10":{"start":{"line":26,"column":8},"end":{"line":26,"column":55}},"11":{"start":{"line":27,"column":8},"end":{"line":27,"column":55}},"12":{"start":{"line":28,"column":8},"end":{"line":28,"column":12}},"13":{"start":{"line":31,"column":6},"end":{"line":31,"column":22}},"14":{"start":{"line":34,"column":6},"end":{"line":37,"column":7}},"15":{"start":{"line":35,"column":8},"end":{"line":35,"column":31}},"16":{"start":{"line":36,"column":8},"end":{"line":36,"column":12}},"17":{"start":{"line":39,"column":6},"end":{"line":39,"column":27}},"18":{"start":{"line":48,"column":24},"end":{"line":48,"column":38}},"19":{"start":{"line":50,"column":6},"end":{"line":50,"column":72}},"20":{"start":{"line":50,"column":28},"end":{"line":50,"column":69}},"21":{"start":{"line":52,"column":16},"end":{"line":52,"column":18}},"22":{"start":{"line":53,"column":6},"end":{"line":61,"column":7}},"23":{"start":{"line":55,"column":10},"end":{"line":60,"column":11}},"24":{"start":{"line":55,"column":60},"end":{"line":55,"column":76}},"25":{"start":{"line":58,"column":14},"end":{"line":58,"column":70}},"26":{"start":{"line":58,"column":39},"end":{"line":58,"column":70}},"27":{"start":{"line":59,"column":14},"end":{"line":59,"column":70}},"28":{"start":{"line":59,"column":39},"end":{"line":59,"column":70}},"29":{"start":{"line":62,"column":6},"end":{"line":62,"column":27}},"30":{"start":{"line":69,"column":18},"end":{"line":69,"column":20}},"31":{"start":{"line":70,"column":6},"end":{"line":72,"column":7}},"32":{"start":{"line":71,"column":8},"end":{"line":71,"column":44}},"33":{"start":{"line":73,"column":6},"end":{"line":73,"column":27}}},"fnMap":{"0":{"name":"(anonymous_0)","decl":{"start":{"line":3,"column":4},"end":{"line":3,"column":5}},"loc":{"start":{"line":3,"column":18},"end":{"line":5,"column":5}},"line":3},"1":{"name":"(anonymous_1)","decl":{"start":{"line":12,"column":4},"end":{"line":12,"column":5}},"loc":{"start":{"line":12,"column":15},"end":{"line":40,"column":5}},"line":12},"2":{"name":"(anonymous_2)","decl":{"start":{"line":47,"column":4},"end":{"line":47,"column":5}},"loc":{"start":{"line":47,"column":18},"end":{"line":63,"column":5}},"line":47},"3":{"name":"(anonymous_3)","decl":{"start":{"line":50,"column":21},"end":{"line":50,"column":22}},"loc":{"start":{"line":50,"column":28},"end":{"line":50,"column":69}},"line":50},"4":{"name":"(anonymous_4)","decl":{"start":{"line":68,"column":4},"end":{"line":68,"column":5}},"loc":{"start":{"line":68,"column":12},"end":{"line":74,"column":5}},"line":68}},"branchMap":{"0":{"loc":{"start":{"line":19,"column":13},"end":{"line":19,"column":50}},"type":"binary-expr","locations":[{"start":{"line":19,"column":13},"end":{"line":19,"column":20}},{"start":{"line":19,"column":24},"end":{"line":19,"column":50}}],"line":19},"1":{"loc":{"start":{"line":25,"column":13},"end":{"line":25,"column":51}},"type":"binary-expr","locations":[{"start":{"line":25,"column":13},"end":{"line":25,"column":20}},{"start":{"line":25,"column":24},"end":{"line":25,"column":51}}],"line":25},"2":{"loc":{"start":{"line":50,"column":28},"end":{"line":50,"column":69}},"type":"cond-expr","locations":[{"start":{"line":50,"column":44},"end":{"line":50,"column":55}},{"start":{"line":50,"column":58},"end":{"line":50,"column":69}}],"line":50},"3":{"loc":{"start":{"line":55,"column":10},"end":{"line":60,"column":11}},"type":"if","locations":[{"start":{"line":55,"column":10},"end":{"line":60,"column":11}},{"start":{"line":55,"column":10},"end":{"line":60,"column":11}}],"line":55},"4":{"loc":{"start":{"line":55,"column":14},"end":{"line":55,"column":58}},"type":"binary-expr","locations":[{"start":{"line":55,"column":14},"end":{"line":55,"column":34}},{"start":{"line":55,"column":38},"end":{"line":55,"column":58}}],"line":55},"5":{"loc":{"start":{"line":58,"column":14},"end":{"line":58,"column":70}},"type":"if","locations":[{"start":{"line":58,"column":14},"end":{"line":58,"column":70}},{"start":{"line":58,"column":14},"end":{"line":58,"column":70}}],"line":58},"6":{"loc":{"start":{"line":59,"column":14},"end":{"line":59,"column":70}},"type":"if","locations":[{"start":{"line":59,"column":14},"end":{"line":59,"column":70}},{"start":{"line":59,"column":14},"end":{"line":59,"column":70}}],"line":59}},"s":{"0":1,"1":1,"2":6,"3":6,"4":6,"5":6,"6":6,"7":3,"8":3,"9":6,"10":4,"11":4,"12":4,"13":6,"14":6,"15":2,"16":2,"17":6,"18":4,"19":4,"20":5,"21":4,"22":4,"23":9,"24":4,"25":5,"26":2,"27":5,"28":3,"29":4,"30":10,"31":10,"32":20,"33":10},"f":{"0":1,"1":6,"2":4,"3":5,"4":10},"b":{"0":[9,7],"1":[10,6],"2":[0,5],"3":[4,5],"4":[9,8],"5":[2,3],"6":[3,2]},"_coverageSchema":"1a1c01bbd47fc00a2c39e90264f33305004495a9","hash":"d31cba2d176e6c1cf2056c49171e04482f2521e7"}
}
