TN:
SF:src/rangeList.js
FN:3,(anonymous_0)
FN:12,(anonymous_1)
FN:47,(anonymous_2)
FN:50,(anonymous_3)
FN:68,(anonymous_4)
FNF:5
FNH:5
FNDA:1,(anonymous_0)
FNDA:6,(anonymous_1)
FNDA:4,(anonymous_2)
FNDA:5,(anonymous_3)
FNDA:10,(anonymous_4)
DA:1,1
DA:4,1
DA:13,6
DA:14,6
DA:15,6
DA:16,6
DA:19,6
DA:20,3
DA:21,3
DA:25,6
DA:26,4
DA:27,4
DA:28,4
DA:31,6
DA:34,6
DA:35,2
DA:36,2
DA:39,6
DA:48,4
DA:50,5
DA:52,4
DA:53,4
DA:55,9
DA:58,5
DA:59,5
DA:62,4
DA:69,10
DA:70,10
DA:71,20
DA:73,10
LF:30
LH:30
BRDA:19,0,0,9
BRDA:19,0,1,7
BRDA:25,1,0,10
BRDA:25,1,1,6
BRDA:50,2,0,0
BRDA:50,2,1,5
BRDA:55,3,0,4
BRDA:55,3,1,5
BRDA:55,4,0,9
BRDA:55,4,1,8
BRDA:58,5,0,2
BRDA:58,5,1,3
BRDA:59,6,0,3
BRDA:59,6,1,2
BRF:14
BRH:13
end_of_record
